2023-04-14 8:26:21 - PHP Unknown:  Return type of Twig\Node\Node::count() should either be compatible with Countable::count(): int, or the #[\ReturnTypeWillChange] attribute should be used to temporarily suppress the notice in /var/www/opencart3038/system/storage/vendor/twig/twig/src/Node/Node.php on line 161
2023-04-14 8:26:21 - PHP Unknown:  Return type of Twig\Node\Node::getIterator() should either be compatible with IteratorAggregate::getIterator(): Traversable, or the #[\ReturnTypeWillChange] attribute should be used to temporarily suppress the notice in /var/www/opencart3038/system/storage/vendor/twig/twig/src/Node/Node.php on line 166
2023-04-14 11:12:10 - PHP Warning:  rename(/var/www/opencart3038/system/storage/upload/tmp-k5Oc4awwXU/upload/admin/controller/extension/module/helloworld.php,/var/www/opencart3038/admin/controller/extension/module/helloworld.php): Permission denied in /var/www/opencart3038/admin/controller/marketplace/install.php on line 218
2023-04-14 11:12:10 - PHP Warning:  rename(/var/www/opencart3038/system/storage/upload/tmp-k5Oc4awwXU/upload/catalog/controller/extension/module/helloworld.php,/var/www/opencart3038/catalog/controller/extension/module/helloworld.php): Permission denied in /var/www/opencart3038/admin/controller/marketplace/install.php on line 218
2023-04-14 11:12:10 - PHP Warning:  rename(/var/www/opencart3038/system/storage/upload/tmp-k5Oc4awwXU/upload/admin/language/en-gb/extension/module/helloworld.php,/var/www/opencart3038/admin/language/en-gb/extension/module/helloworld.php): Permission denied in /var/www/opencart3038/admin/controller/marketplace/install.php on line 218
2023-04-14 11:12:10 - PHP Warning:  rename(/var/www/opencart3038/system/storage/upload/tmp-k5Oc4awwXU/upload/admin/view/template/extension/module/helloworld.twig,/var/www/opencart3038/admin/view/template/extension/module/helloworld.twig): Permission denied in /var/www/opencart3038/admin/controller/marketplace/install.php on line 218
2023-04-14 11:12:10 - PHP Warning:  rename(/var/www/opencart3038/system/storage/upload/tmp-k5Oc4awwXU/upload/catalog/view/theme/default/template/extension/module/helloworld.twig,/var/www/opencart3038/catalog/view/theme/default/template/extension/module/helloworld.twig): Permission denied in /var/www/opencart3038/admin/controller/marketplace/install.php on line 218
2023-04-18 20:23:17 - PHP Notice:  Undefined index: path in /var/www/opencart3038/catalog/controller/extension/module/helloworld.php on line 101
2023-04-18 20:23:18 - PHP Notice:  Undefined variable: url in /var/www/opencart3038/catalog/controller/extension/module/helloworld.php on line 101
2023-04-18 20:23:18 - PHP Notice:  Undefined index: path in /var/www/opencart3038/catalog/controller/extension/module/helloworld.php on line 101
2023-04-18 20:23:18 - PHP Notice:  Undefined variable: url in /var/www/opencart3038/catalog/controller/extension/module/helloworld.php on line 101
2023-04-18 20:23:18 - PHP Notice:  Undefined index: path in /var/www/opencart3038/catalog/controller/extension/module/helloworld.php on line 101
2023-04-18 20:23:18 - PHP Notice:  Undefined variable: url in /var/www/opencart3038/catalog/controller/extension/module/helloworld.php on line 101
2023-04-18 20:23:18 - PHP Notice:  Undefined index: path in /var/www/opencart3038/catalog/controller/extension/module/helloworld.php on line 101
2023-04-18 20:23:18 - PHP Notice:  Undefined variable: url in /var/www/opencart3038/catalog/controller/extension/module/helloworld.php on line 101
2023-04-18 20:23:18 - PHP Notice:  Undefined index: path in /var/www/opencart3038/catalog/controller/extension/module/helloworld.php on line 101
2023-04-18 20:23:18 - PHP Notice:  Undefined variable: url in /var/www/opencart3038/catalog/controller/extension/module/helloworld.php on line 101
2023-04-18 20:23:18 - PHP Notice:  Undefined index: path in /var/www/opencart3038/catalog/controller/extension/module/helloworld.php on line 101
2023-04-18 20:23:18 - PHP Notice:  Undefined variable: url in /var/www/opencart3038/catalog/controller/extension/module/helloworld.php on line 101
2023-04-18 20:23:18 - PHP Notice:  Undefined index: path in /var/www/opencart3038/catalog/controller/extension/module/helloworld.php on line 101
2023-04-18 20:23:18 - PHP Notice:  Undefined variable: url in /var/www/opencart3038/catalog/controller/extension/module/helloworld.php on line 101
2023-04-18 20:23:18 - PHP Notice:  Undefined index: path in /var/www/opencart3038/catalog/controller/extension/module/helloworld.php on line 101
2023-04-18 20:23:18 - PHP Notice:  Undefined variable: url in /var/www/opencart3038/catalog/controller/extension/module/helloworld.php on line 101
2023-04-18 20:23:18 - PHP Notice:  Undefined index: path in /var/www/opencart3038/catalog/controller/extension/module/helloworld.php on line 101
2023-04-18 20:23:18 - PHP Notice:  Undefined variable: url in /var/www/opencart3038/catalog/controller/extension/module/helloworld.php on line 101
2023-04-18 20:23:18 - PHP Notice:  Undefined index: path in /var/www/opencart3038/catalog/controller/extension/module/helloworld.php on line 101
2023-04-18 20:23:18 - PHP Notice:  Undefined variable: url in /var/www/opencart3038/catalog/controller/extension/module/helloworld.php on line 101
2023-04-18 20:23:18 - PHP Notice:  Undefined index: path in /var/www/opencart3038/catalog/controller/extension/module/helloworld.php on line 101
2023-04-18 20:23:18 - PHP Notice:  Undefined variable: url in /var/www/opencart3038/catalog/controller/extension/module/helloworld.php on line 101
2023-04-18 20:23:18 - PHP Notice:  Undefined index: path in /var/www/opencart3038/catalog/controller/extension/module/helloworld.php on line 101
2023-04-18 20:23:18 - PHP Notice:  Undefined variable: url in /var/www/opencart3038/catalog/controller/extension/module/helloworld.php on line 101
2023-04-18 20:23:18 - PHP Notice:  Undefined index: path in /var/www/opencart3038/catalog/controller/extension/module/helloworld.php on line 101
2023-04-18 20:23:18 - PHP Notice:  Undefined variable: url in /var/www/opencart3038/catalog/controller/extension/module/helloworld.php on line 101
2023-04-18 20:23:18 - PHP Notice:  Undefined index: path in /var/www/opencart3038/catalog/controller/extension/module/helloworld.php on line 101
2023-04-18 20:23:18 - PHP Notice:  Undefined variable: url in /var/www/opencart3038/catalog/controller/extension/module/helloworld.php on line 101
2023-04-18 20:23:18 - PHP Notice:  Undefined index: path in /var/www/opencart3038/catalog/controller/extension/module/helloworld.php on line 101
2023-04-18 20:23:18 - PHP Notice:  Undefined variable: url in /var/www/opencart3038/catalog/controller/extension/module/helloworld.php on line 101
2023-04-18 20:23:18 - PHP Notice:  Undefined index: path in /var/www/opencart3038/catalog/controller/extension/module/helloworld.php on line 101
2023-04-18 20:23:18 - PHP Notice:  Undefined variable: url in /var/www/opencart3038/catalog/controller/extension/module/helloworld.php on line 101
2023-04-18 20:27:30 - PHP Notice:  Undefined index: path in /var/www/opencart3038/catalog/controller/extension/module/helloworld.php on line 101
2023-04-18 20:27:30 - PHP Notice:  Undefined index: path in /var/www/opencart3038/catalog/controller/extension/module/helloworld.php on line 101
2023-04-18 20:27:30 - PHP Notice:  Undefined index: path in /var/www/opencart3038/catalog/controller/extension/module/helloworld.php on line 101
2023-04-18 20:27:30 - PHP Notice:  Undefined index: path in /var/www/opencart3038/catalog/controller/extension/module/helloworld.php on line 101
2023-04-18 20:27:30 - PHP Notice:  Undefined index: path in /var/www/opencart3038/catalog/controller/extension/module/helloworld.php on line 101
2023-04-18 20:27:30 - PHP Notice:  Undefined index: path in /var/www/opencart3038/catalog/controller/extension/module/helloworld.php on line 101
2023-04-18 20:27:30 - PHP Notice:  Undefined index: path in /var/www/opencart3038/catalog/controller/extension/module/helloworld.php on line 101
2023-04-18 20:27:30 - PHP Notice:  Undefined index: path in /var/www/opencart3038/catalog/controller/extension/module/helloworld.php on line 101
2023-04-18 20:27:30 - PHP Notice:  Undefined index: path in /var/www/opencart3038/catalog/controller/extension/module/helloworld.php on line 101
2023-04-18 20:27:30 - PHP Notice:  Undefined index: path in /var/www/opencart3038/catalog/controller/extension/module/helloworld.php on line 101
2023-04-18 20:27:30 - PHP Notice:  Undefined index: path in /var/www/opencart3038/catalog/controller/extension/module/helloworld.php on line 101
2023-04-18 20:27:30 - PHP Notice:  Undefined index: path in /var/www/opencart3038/catalog/controller/extension/module/helloworld.php on line 101
2023-04-18 20:27:30 - PHP Notice:  Undefined index: path in /var/www/opencart3038/catalog/controller/extension/module/helloworld.php on line 101
2023-04-18 20:27:30 - PHP Notice:  Undefined index: path in /var/www/opencart3038/catalog/controller/extension/module/helloworld.php on line 101
2023-04-18 20:27:30 - PHP Notice:  Undefined index: path in /var/www/opencart3038/catalog/controller/extension/module/helloworld.php on line 101
2023-04-18 20:27:30 - PHP Notice:  Undefined index: path in /var/www/opencart3038/catalog/controller/extension/module/helloworld.php on line 101
2023-04-19 7:45:36 - PHP Warning:  array_rand(): Second argument has to be between 1 and the number of elements in the array in /var/www/opencart3038/catalog/controller/extension/module/helloworld.php on line 85
2023-04-19 7:45:36 - PHP Warning:  Invalid argument supplied for foreach() in /var/www/opencart3038/catalog/controller/extension/module/helloworld.php on line 87
2023-04-19 7:45:36 - PHP Warning:  array_rand(): Second argument has to be between 1 and the number of elements in the array in /var/www/opencart3038/catalog/controller/extension/module/helloworld.php on line 85
2023-04-19 7:45:36 - PHP Warning:  Invalid argument supplied for foreach() in /var/www/opencart3038/catalog/controller/extension/module/helloworld.php on line 87
2023-04-19 7:45:36 - PHP Notice:  Trying to access array offset on value of type int in /var/www/opencart3038/catalog/controller/extension/module/helloworld.php on line 88
2023-04-19 7:45:36 - PHP Notice:  Trying to access array offset on value of type int in /var/www/opencart3038/catalog/controller/extension/module/helloworld.php on line 91
2023-04-19 7:45:36 - PHP Notice:  Trying to access array offset on value of type int in /var/www/opencart3038/catalog/controller/extension/module/helloworld.php on line 92
2023-04-19 7:45:36 - PHP Notice:  Trying to access array offset on value of type int in /var/www/opencart3038/catalog/controller/extension/module/helloworld.php on line 93
2023-04-19 7:45:36 - PHP Notice:  Trying to access array offset on value of type int in /var/www/opencart3038/catalog/controller/extension/module/helloworld.php on line 88
2023-04-19 7:45:36 - PHP Notice:  Trying to access array offset on value of type int in /var/www/opencart3038/catalog/controller/extension/module/helloworld.php on line 91
2023-04-19 7:45:36 - PHP Notice:  Trying to access array offset on value of type int in /var/www/opencart3038/catalog/controller/extension/module/helloworld.php on line 92
2023-04-19 7:45:36 - PHP Notice:  Trying to access array offset on value of type int in /var/www/opencart3038/catalog/controller/extension/module/helloworld.php on line 93
2023-04-19 7:45:36 - PHP Notice:  Trying to access array offset on value of type int in /var/www/opencart3038/catalog/controller/extension/module/helloworld.php on line 88
2023-04-19 7:45:36 - PHP Notice:  Trying to access array offset on value of type int in /var/www/opencart3038/catalog/controller/extension/module/helloworld.php on line 91
2023-04-19 7:45:36 - PHP Notice:  Trying to access array offset on value of type int in /var/www/opencart3038/catalog/controller/extension/module/helloworld.php on line 92
2023-04-19 7:45:36 - PHP Notice:  Trying to access array offset on value of type int in /var/www/opencart3038/catalog/controller/extension/module/helloworld.php on line 93
2023-04-19 7:45:36 - PHP Warning:  array_rand(): Array is empty in /var/www/opencart3038/catalog/controller/extension/module/helloworld.php on line 85
2023-04-19 7:45:36 - PHP Warning:  Invalid argument supplied for foreach() in /var/www/opencart3038/catalog/controller/extension/module/helloworld.php on line 87
2023-04-19 7:45:36 - PHP Warning:  array_rand(): Array is empty in /var/www/opencart3038/catalog/controller/extension/module/helloworld.php on line 85
2023-04-19 7:45:36 - PHP Warning:  Invalid argument supplied for foreach() in /var/www/opencart3038/catalog/controller/extension/module/helloworld.php on line 87
2023-04-19 7:45:36 - PHP Warning:  array_rand(): Array is empty in /var/www/opencart3038/catalog/controller/extension/module/helloworld.php on line 85
2023-04-19 7:45:36 - PHP Warning:  Invalid argument supplied for foreach() in /var/www/opencart3038/catalog/controller/extension/module/helloworld.php on line 87
2023-04-19 7:45:36 - PHP Warning:  array_rand(): Array is empty in /var/www/opencart3038/catalog/controller/extension/module/helloworld.php on line 85
2023-04-19 7:45:36 - PHP Warning:  Invalid argument supplied for foreach() in /var/www/opencart3038/catalog/controller/extension/module/helloworld.php on line 87
2023-04-19 7:45:36 - PHP Notice:  Trying to access array offset on value of type int in /var/www/opencart3038/catalog/controller/extension/module/helloworld.php on line 88
2023-04-19 7:45:36 - PHP Notice:  Trying to access array offset on value of type int in /var/www/opencart3038/catalog/controller/extension/module/helloworld.php on line 91
2023-04-19 7:45:36 - PHP Notice:  Trying to access array offset on value of type int in /var/www/opencart3038/catalog/controller/extension/module/helloworld.php on line 92
2023-04-19 7:45:36 - PHP Notice:  Trying to access array offset on value of type int in /var/www/opencart3038/catalog/controller/extension/module/helloworld.php on line 93
2023-04-19 7:45:36 - PHP Notice:  Trying to access array offset on value of type int in /var/www/opencart3038/catalog/controller/extension/module/helloworld.php on line 88
2023-04-19 7:45:36 - PHP Notice:  Trying to access array offset on value of type int in /var/www/opencart3038/catalog/controller/extension/module/helloworld.php on line 91
2023-04-19 7:45:36 - PHP Notice:  Trying to access array offset on value of type int in /var/www/opencart3038/catalog/controller/extension/module/helloworld.php on line 92
2023-04-19 7:45:36 - PHP Notice:  Trying to access array offset on value of type int in /var/www/opencart3038/catalog/controller/extension/module/helloworld.php on line 93
2023-04-19 7:45:36 - PHP Notice:  Trying to access array offset on value of type int in /var/www/opencart3038/catalog/controller/extension/module/helloworld.php on line 88
2023-04-19 7:45:36 - PHP Notice:  Trying to access array offset on value of type int in /var/www/opencart3038/catalog/controller/extension/module/helloworld.php on line 91
2023-04-19 7:45:36 - PHP Notice:  Trying to access array offset on value of type int in /var/www/opencart3038/catalog/controller/extension/module/helloworld.php on line 92
2023-04-19 7:45:36 - PHP Notice:  Trying to access array offset on value of type int in /var/www/opencart3038/catalog/controller/extension/module/helloworld.php on line 93
2023-04-19 7:45:36 - PHP Warning:  array_rand(): Second argument has to be between 1 and the number of elements in the array in /var/www/opencart3038/catalog/controller/extension/module/helloworld.php on line 85
2023-04-19 7:45:36 - PHP Warning:  Invalid argument supplied for foreach() in /var/www/opencart3038/catalog/controller/extension/module/helloworld.php on line 87
2023-04-19 7:45:36 - PHP Warning:  array_rand(): Second argument has to be between 1 and the number of elements in the array in /var/www/opencart3038/catalog/controller/extension/module/helloworld.php on line 85
2023-04-19 7:45:36 - PHP Warning:  Invalid argument supplied for foreach() in /var/www/opencart3038/catalog/controller/extension/module/helloworld.php on line 87
2023-04-19 7:45:36 - PHP Notice:  Trying to access array offset on value of type int in /var/www/opencart3038/catalog/controller/extension/module/helloworld.php on line 88
2023-04-19 7:45:36 - PHP Notice:  Trying to access array offset on value of type int in /var/www/opencart3038/catalog/controller/extension/module/helloworld.php on line 91
2023-04-19 7:45:36 - PHP Notice:  Trying to access array offset on value of type int in /var/www/opencart3038/catalog/controller/extension/module/helloworld.php on line 92
2023-04-19 7:45:36 - PHP Notice:  Trying to access array offset on value of type int in /var/www/opencart3038/catalog/controller/extension/module/helloworld.php on line 93
2023-04-19 7:45:36 - PHP Notice:  Trying to access array offset on value of type int in /var/www/opencart3038/catalog/controller/extension/module/helloworld.php on line 88
2023-04-19 7:45:36 - PHP Notice:  Trying to access array offset on value of type int in /var/www/opencart3038/catalog/controller/extension/module/helloworld.php on line 91
2023-04-19 7:45:36 - PHP Notice:  Trying to access array offset on value of type int in /var/www/opencart3038/catalog/controller/extension/module/helloworld.php on line 92
2023-04-19 7:45:36 - PHP Notice:  Trying to access array offset on value of type int in /var/www/opencart3038/catalog/controller/extension/module/helloworld.php on line 93
2023-04-19 7:45:36 - PHP Notice:  Trying to access array offset on value of type int in /var/www/opencart3038/catalog/controller/extension/module/helloworld.php on line 88
2023-04-19 7:45:36 - PHP Notice:  Trying to access array offset on value of type int in /var/www/opencart3038/catalog/controller/extension/module/helloworld.php on line 91
2023-04-19 7:45:36 - PHP Notice:  Trying to access array offset on value of type int in /var/www/opencart3038/catalog/controller/extension/module/helloworld.php on line 92
2023-04-19 7:45:36 - PHP Notice:  Trying to access array offset on value of type int in /var/www/opencart3038/catalog/controller/extension/module/helloworld.php on line 93
2023-04-19 7:45:36 - PHP Warning:  array_rand(): Array is empty in /var/www/opencart3038/catalog/controller/extension/module/helloworld.php on line 85
2023-04-19 7:45:36 - PHP Warning:  Invalid argument supplied for foreach() in /var/www/opencart3038/catalog/controller/extension/module/helloworld.php on line 87
2023-04-19 7:45:36 - PHP Warning:  array_rand(): Array is empty in /var/www/opencart3038/catalog/controller/extension/module/helloworld.php on line 85
2023-04-19 7:45:36 - PHP Warning:  Invalid argument supplied for foreach() in /var/www/opencart3038/catalog/controller/extension/module/helloworld.php on line 87
2023-04-19 7:45:36 - PHP Warning:  array_rand(): Array is empty in /var/www/opencart3038/catalog/controller/extension/module/helloworld.php on line 85
2023-04-19 7:45:36 - PHP Warning:  Invalid argument supplied for foreach() in /var/www/opencart3038/catalog/controller/extension/module/helloworld.php on line 87
2023-04-19 7:45:36 - PHP Warning:  array_rand(): Array is empty in /var/www/opencart3038/catalog/controller/extension/module/helloworld.php on line 85
2023-04-19 7:45:36 - PHP Warning:  Invalid argument supplied for foreach() in /var/www/opencart3038/catalog/controller/extension/module/helloworld.php on line 87
2023-04-19 7:45:36 - PHP Notice:  Trying to access array offset on value of type int in /var/www/opencart3038/catalog/controller/extension/module/helloworld.php on line 88
2023-04-19 7:45:36 - PHP Notice:  Trying to access array offset on value of type int in /var/www/opencart3038/catalog/controller/extension/module/helloworld.php on line 91
2023-04-19 7:45:36 - PHP Notice:  Trying to access array offset on value of type int in /var/www/opencart3038/catalog/controller/extension/module/helloworld.php on line 92
2023-04-19 7:45:36 - PHP Notice:  Trying to access array offset on value of type int in /var/www/opencart3038/catalog/controller/extension/module/helloworld.php on line 93
2023-04-19 7:45:36 - PHP Notice:  Trying to access array offset on value of type int in /var/www/opencart3038/catalog/controller/extension/module/helloworld.php on line 88
2023-04-19 7:45:36 - PHP Notice:  Trying to access array offset on value of type int in /var/www/opencart3038/catalog/controller/extension/module/helloworld.php on line 91
2023-04-19 7:45:36 - PHP Notice:  Trying to access array offset on value of type int in /var/www/opencart3038/catalog/controller/extension/module/helloworld.php on line 92
2023-04-19 7:45:36 - PHP Notice:  Trying to access array offset on value of type int in /var/www/opencart3038/catalog/controller/extension/module/helloworld.php on line 93
2023-04-19 7:45:36 - PHP Notice:  Trying to access array offset on value of type int in /var/www/opencart3038/catalog/controller/extension/module/helloworld.php on line 88
2023-04-19 7:45:36 - PHP Notice:  Trying to access array offset on value of type int in /var/www/opencart3038/catalog/controller/extension/module/helloworld.php on line 91
2023-04-19 7:45:36 - PHP Notice:  Trying to access array offset on value of type int in /var/www/opencart3038/catalog/controller/extension/module/helloworld.php on line 92
2023-04-19 7:45:36 - PHP Notice:  Trying to access array offset on value of type int in /var/www/opencart3038/catalog/controller/extension/module/helloworld.php on line 93
2023-04-19 7:48:12 - PHP Warning:  array_rand(): Second argument has to be between 1 and the number of elements in the array in /var/www/opencart3038/catalog/controller/extension/module/helloworld.php on line 85
2023-04-19 7:48:12 - PHP Warning:  Invalid argument supplied for foreach() in /var/www/opencart3038/catalog/controller/extension/module/helloworld.php on line 87
2023-04-19 7:48:12 - PHP Warning:  array_rand(): Second argument has to be between 1 and the number of elements in the array in /var/www/opencart3038/catalog/controller/extension/module/helloworld.php on line 85
2023-04-19 7:48:12 - PHP Warning:  Invalid argument supplied for foreach() in /var/www/opencart3038/catalog/controller/extension/module/helloworld.php on line 87
2023-04-19 7:48:12 - PHP Warning:  array_rand(): Array is empty in /var/www/opencart3038/catalog/controller/extension/module/helloworld.php on line 85
2023-04-19 7:48:12 - PHP Warning:  Invalid argument supplied for foreach() in /var/www/opencart3038/catalog/controller/extension/module/helloworld.php on line 87
2023-04-19 7:48:12 - PHP Warning:  array_rand(): Array is empty in /var/www/opencart3038/catalog/controller/extension/module/helloworld.php on line 85
2023-04-19 7:48:12 - PHP Warning:  Invalid argument supplied for foreach() in /var/www/opencart3038/catalog/controller/extension/module/helloworld.php on line 87
2023-04-19 7:48:12 - PHP Warning:  array_rand(): Array is empty in /var/www/opencart3038/catalog/controller/extension/module/helloworld.php on line 85
2023-04-19 7:48:12 - PHP Warning:  Invalid argument supplied for foreach() in /var/www/opencart3038/catalog/controller/extension/module/helloworld.php on line 87
2023-04-19 7:48:12 - PHP Warning:  array_rand(): Array is empty in /var/www/opencart3038/catalog/controller/extension/module/helloworld.php on line 85
2023-04-19 7:48:12 - PHP Warning:  Invalid argument supplied for foreach() in /var/www/opencart3038/catalog/controller/extension/module/helloworld.php on line 87
2023-04-19 7:48:12 - PHP Warning:  array_rand(): Second argument has to be between 1 and the number of elements in the array in /var/www/opencart3038/catalog/controller/extension/module/helloworld.php on line 85
2023-04-19 7:48:12 - PHP Warning:  Invalid argument supplied for foreach() in /var/www/opencart3038/catalog/controller/extension/module/helloworld.php on line 87
2023-04-19 7:48:12 - PHP Warning:  array_rand(): Second argument has to be between 1 and the number of elements in the array in /var/www/opencart3038/catalog/controller/extension/module/helloworld.php on line 85
2023-04-19 7:48:12 - PHP Warning:  Invalid argument supplied for foreach() in /var/www/opencart3038/catalog/controller/extension/module/helloworld.php on line 87
2023-04-19 7:48:12 - PHP Warning:  array_rand(): Array is empty in /var/www/opencart3038/catalog/controller/extension/module/helloworld.php on line 85
2023-04-19 7:48:12 - PHP Warning:  Invalid argument supplied for foreach() in /var/www/opencart3038/catalog/controller/extension/module/helloworld.php on line 87
2023-04-19 7:48:12 - PHP Warning:  array_rand(): Array is empty in /var/www/opencart3038/catalog/controller/extension/module/helloworld.php on line 85
2023-04-19 7:48:12 - PHP Warning:  Invalid argument supplied for foreach() in /var/www/opencart3038/catalog/controller/extension/module/helloworld.php on line 87
2023-04-19 7:48:12 - PHP Warning:  array_rand(): Array is empty in /var/www/opencart3038/catalog/controller/extension/module/helloworld.php on line 85
2023-04-19 7:48:12 - PHP Warning:  Invalid argument supplied for foreach() in /var/www/opencart3038/catalog/controller/extension/module/helloworld.php on line 87
2023-04-19 7:48:12 - PHP Warning:  array_rand(): Array is empty in /var/www/opencart3038/catalog/controller/extension/module/helloworld.php on line 85
2023-04-19 7:48:12 - PHP Warning:  Invalid argument supplied for foreach() in /var/www/opencart3038/catalog/controller/extension/module/helloworld.php on line 87
2023-04-19 7:48:47 - PHP Warning:  array_rand(): Second argument has to be between 1 and the number of elements in the array in /var/www/opencart3038/catalog/controller/extension/module/helloworld.php on line 85
2023-04-19 7:48:47 - PHP Warning:  Invalid argument supplied for foreach() in /var/www/opencart3038/catalog/controller/extension/module/helloworld.php on line 87
2023-04-19 7:48:47 - PHP Warning:  array_rand(): Second argument has to be between 1 and the number of elements in the array in /var/www/opencart3038/catalog/controller/extension/module/helloworld.php on line 85
2023-04-19 7:48:47 - PHP Warning:  Invalid argument supplied for foreach() in /var/www/opencart3038/catalog/controller/extension/module/helloworld.php on line 87
2023-04-19 7:48:47 - PHP Warning:  array_rand(): Array is empty in /var/www/opencart3038/catalog/controller/extension/module/helloworld.php on line 85
2023-04-19 7:48:47 - PHP Warning:  Invalid argument supplied for foreach() in /var/www/opencart3038/catalog/controller/extension/module/helloworld.php on line 87
2023-04-19 7:48:47 - PHP Warning:  array_rand(): Array is empty in /var/www/opencart3038/catalog/controller/extension/module/helloworld.php on line 85
2023-04-19 7:48:47 - PHP Warning:  Invalid argument supplied for foreach() in /var/www/opencart3038/catalog/controller/extension/module/helloworld.php on line 87
2023-04-19 7:48:47 - PHP Warning:  array_rand(): Array is empty in /var/www/opencart3038/catalog/controller/extension/module/helloworld.php on line 85
2023-04-19 7:48:47 - PHP Warning:  Invalid argument supplied for foreach() in /var/www/opencart3038/catalog/controller/extension/module/helloworld.php on line 87
2023-04-19 7:48:47 - PHP Warning:  array_rand(): Array is empty in /var/www/opencart3038/catalog/controller/extension/module/helloworld.php on line 85
2023-04-19 7:48:47 - PHP Warning:  Invalid argument supplied for foreach() in /var/www/opencart3038/catalog/controller/extension/module/helloworld.php on line 87
2023-04-19 7:48:47 - PHP Warning:  array_rand(): Second argument has to be between 1 and the number of elements in the array in /var/www/opencart3038/catalog/controller/extension/module/helloworld.php on line 85
2023-04-19 7:48:47 - PHP Warning:  Invalid argument supplied for foreach() in /var/www/opencart3038/catalog/controller/extension/module/helloworld.php on line 87
2023-04-19 7:48:47 - PHP Warning:  array_rand(): Second argument has to be between 1 and the number of elements in the array in /var/www/opencart3038/catalog/controller/extension/module/helloworld.php on line 85
2023-04-19 7:48:47 - PHP Warning:  Invalid argument supplied for foreach() in /var/www/opencart3038/catalog/controller/extension/module/helloworld.php on line 87
2023-04-19 7:48:47 - PHP Warning:  array_rand(): Array is empty in /var/www/opencart3038/catalog/controller/extension/module/helloworld.php on line 85
2023-04-19 7:48:47 - PHP Warning:  Invalid argument supplied for foreach() in /var/www/opencart3038/catalog/controller/extension/module/helloworld.php on line 87
2023-04-19 7:48:47 - PHP Warning:  array_rand(): Array is empty in /var/www/opencart3038/catalog/controller/extension/module/helloworld.php on line 85
2023-04-19 7:48:47 - PHP Warning:  Invalid argument supplied for foreach() in /var/www/opencart3038/catalog/controller/extension/module/helloworld.php on line 87
2023-04-19 7:48:47 - PHP Warning:  array_rand(): Array is empty in /var/www/opencart3038/catalog/controller/extension/module/helloworld.php on line 85
2023-04-19 7:48:47 - PHP Warning:  Invalid argument supplied for foreach() in /var/www/opencart3038/catalog/controller/extension/module/helloworld.php on line 87
2023-04-19 7:48:47 - PHP Warning:  array_rand(): Array is empty in /var/www/opencart3038/catalog/controller/extension/module/helloworld.php on line 85
2023-04-19 7:48:47 - PHP Warning:  Invalid argument supplied for foreach() in /var/www/opencart3038/catalog/controller/extension/module/helloworld.php on line 87
2023-04-19 7:50:07 - PHP Warning:  array_rand(): Array is empty in /var/www/opencart3038/catalog/controller/extension/module/helloworld.php on line 90
2023-04-19 7:50:07 - PHP Warning:  Invalid argument supplied for foreach() in /var/www/opencart3038/catalog/controller/extension/module/helloworld.php on line 92
2023-04-19 7:50:07 - PHP Warning:  array_rand(): Array is empty in /var/www/opencart3038/catalog/controller/extension/module/helloworld.php on line 90
2023-04-19 7:50:07 - PHP Warning:  Invalid argument supplied for foreach() in /var/www/opencart3038/catalog/controller/extension/module/helloworld.php on line 92
2023-04-19 7:50:07 - PHP Warning:  array_rand(): Array is empty in /var/www/opencart3038/catalog/controller/extension/module/helloworld.php on line 90
2023-04-19 7:50:07 - PHP Warning:  Invalid argument supplied for foreach() in /var/www/opencart3038/catalog/controller/extension/module/helloworld.php on line 92
2023-04-19 7:50:07 - PHP Warning:  array_rand(): Array is empty in /var/www/opencart3038/catalog/controller/extension/module/helloworld.php on line 90
2023-04-19 7:50:07 - PHP Warning:  Invalid argument supplied for foreach() in /var/www/opencart3038/catalog/controller/extension/module/helloworld.php on line 92
2023-04-19 7:50:07 - PHP Warning:  array_rand(): Array is empty in /var/www/opencart3038/catalog/controller/extension/module/helloworld.php on line 90
2023-04-19 7:50:07 - PHP Warning:  Invalid argument supplied for foreach() in /var/www/opencart3038/catalog/controller/extension/module/helloworld.php on line 92
2023-04-19 7:50:07 - PHP Warning:  array_rand(): Array is empty in /var/www/opencart3038/catalog/controller/extension/module/helloworld.php on line 90
2023-04-19 7:50:07 - PHP Warning:  Invalid argument supplied for foreach() in /var/www/opencart3038/catalog/controller/extension/module/helloworld.php on line 92
2023-04-19 7:50:07 - PHP Warning:  array_rand(): Array is empty in /var/www/opencart3038/catalog/controller/extension/module/helloworld.php on line 90
2023-04-19 7:50:07 - PHP Warning:  Invalid argument supplied for foreach() in /var/www/opencart3038/catalog/controller/extension/module/helloworld.php on line 92
2023-04-19 7:50:07 - PHP Warning:  array_rand(): Array is empty in /var/www/opencart3038/catalog/controller/extension/module/helloworld.php on line 90
2023-04-19 7:50:07 - PHP Warning:  Invalid argument supplied for foreach() in /var/www/opencart3038/catalog/controller/extension/module/helloworld.php on line 92
2023-04-19 7:50:51 - PHP Notice:  Undefined offset: 0 in /var/www/opencart3038/catalog/controller/extension/module/helloworld.php on line 95
2023-04-19 7:50:51 - PHP Notice:  Trying to access array offset on value of type null in /var/www/opencart3038/catalog/controller/extension/module/helloworld.php on line 96
2023-04-19 7:50:51 - PHP Notice:  Trying to access array offset on value of type null in /var/www/opencart3038/catalog/controller/extension/module/helloworld.php on line 99
2023-04-19 7:50:51 - PHP Notice:  Trying to access array offset on value of type null in /var/www/opencart3038/catalog/controller/extension/module/helloworld.php on line 100
2023-04-19 7:50:51 - PHP Notice:  Trying to access array offset on value of type null in /var/www/opencart3038/catalog/controller/extension/module/helloworld.php on line 101
2023-04-19 7:50:51 - PHP Notice:  Undefined offset: 1 in /var/www/opencart3038/catalog/controller/extension/module/helloworld.php on line 95
2023-04-19 7:50:51 - PHP Notice:  Trying to access array offset on value of type null in /var/www/opencart3038/catalog/controller/extension/module/helloworld.php on line 96
2023-04-19 7:50:51 - PHP Notice:  Trying to access array offset on value of type null in /var/www/opencart3038/catalog/controller/extension/module/helloworld.php on line 99
2023-04-19 7:50:51 - PHP Notice:  Trying to access array offset on value of type null in /var/www/opencart3038/catalog/controller/extension/module/helloworld.php on line 100
2023-04-19 7:50:51 - PHP Notice:  Trying to access array offset on value of type null in /var/www/opencart3038/catalog/controller/extension/module/helloworld.php on line 101
2023-04-19 7:50:51 - PHP Notice:  Undefined offset: 3 in /var/www/opencart3038/catalog/controller/extension/module/helloworld.php on line 95
2023-04-19 7:50:51 - PHP Notice:  Trying to access array offset on value of type null in /var/www/opencart3038/catalog/controller/extension/module/helloworld.php on line 96
2023-04-19 7:50:51 - PHP Notice:  Trying to access array offset on value of type null in /var/www/opencart3038/catalog/controller/extension/module/helloworld.php on line 99
2023-04-19 7:50:51 - PHP Notice:  Trying to access array offset on value of type null in /var/www/opencart3038/catalog/controller/extension/module/helloworld.php on line 100
2023-04-19 7:50:51 - PHP Notice:  Trying to access array offset on value of type null in /var/www/opencart3038/catalog/controller/extension/module/helloworld.php on line 101
2023-04-19 7:50:51 - PHP Notice:  Undefined offset: 0 in /var/www/opencart3038/catalog/controller/extension/module/helloworld.php on line 95
2023-04-19 7:50:51 - PHP Notice:  Trying to access array offset on value of type null in /var/www/opencart3038/catalog/controller/extension/module/helloworld.php on line 96
2023-04-19 7:50:51 - PHP Notice:  Trying to access array offset on value of type null in /var/www/opencart3038/catalog/controller/extension/module/helloworld.php on line 99
2023-04-19 7:50:51 - PHP Notice:  Trying to access array offset on value of type null in /var/www/opencart3038/catalog/controller/extension/module/helloworld.php on line 100
2023-04-19 7:50:51 - PHP Notice:  Trying to access array offset on value of type null in /var/www/opencart3038/catalog/controller/extension/module/helloworld.php on line 101
2023-04-19 7:50:51 - PHP Notice:  Undefined offset: 1 in /var/www/opencart3038/catalog/controller/extension/module/helloworld.php on line 95
2023-04-19 7:50:51 - PHP Notice:  Trying to access array offset on value of type null in /var/www/opencart3038/catalog/controller/extension/module/helloworld.php on line 96
2023-04-19 7:50:51 - PHP Notice:  Trying to access array offset on value of type null in /var/www/opencart3038/catalog/controller/extension/module/helloworld.php on line 99
2023-04-19 7:50:51 - PHP Notice:  Trying to access array offset on value of type null in /var/www/opencart3038/catalog/controller/extension/module/helloworld.php on line 100
2023-04-19 7:50:51 - PHP Notice:  Trying to access array offset on value of type null in /var/www/opencart3038/catalog/controller/extension/module/helloworld.php on line 101
2023-04-19 7:50:51 - PHP Notice:  Undefined offset: 3 in /var/www/opencart3038/catalog/controller/extension/module/helloworld.php on line 95
2023-04-19 7:50:51 - PHP Notice:  Trying to access array offset on value of type null in /var/www/opencart3038/catalog/controller/extension/module/helloworld.php on line 96
2023-04-19 7:50:51 - PHP Notice:  Trying to access array offset on value of type null in /var/www/opencart3038/catalog/controller/extension/module/helloworld.php on line 99
2023-04-19 7:50:51 - PHP Notice:  Trying to access array offset on value of type null in /var/www/opencart3038/catalog/controller/extension/module/helloworld.php on line 100
2023-04-19 7:50:51 - PHP Notice:  Trying to access array offset on value of type null in /var/www/opencart3038/catalog/controller/extension/module/helloworld.php on line 101
2023-04-19 7:50:51 - PHP Notice:  Undefined offset: 0 in /var/www/opencart3038/catalog/controller/extension/module/helloworld.php on line 95
2023-04-19 7:50:51 - PHP Notice:  Trying to access array offset on value of type null in /var/www/opencart3038/catalog/controller/extension/module/helloworld.php on line 96
2023-04-19 7:50:51 - PHP Notice:  Trying to access array offset on value of type null in /var/www/opencart3038/catalog/controller/extension/module/helloworld.php on line 99
2023-04-19 7:50:51 - PHP Notice:  Trying to access array offset on value of type null in /var/www/opencart3038/catalog/controller/extension/module/helloworld.php on line 100
2023-04-19 7:50:51 - PHP Notice:  Trying to access array offset on value of type null in /var/www/opencart3038/catalog/controller/extension/module/helloworld.php on line 101
2023-04-19 7:50:51 - PHP Notice:  Undefined offset: 1 in /var/www/opencart3038/catalog/controller/extension/module/helloworld.php on line 95
2023-04-19 7:50:51 - PHP Notice:  Trying to access array offset on value of type null in /var/www/opencart3038/catalog/controller/extension/module/helloworld.php on line 96
2023-04-19 7:50:51 - PHP Notice:  Trying to access array offset on value of type null in /var/www/opencart3038/catalog/controller/extension/module/helloworld.php on line 99
2023-04-19 7:50:51 - PHP Notice:  Trying to access array offset on value of type null in /var/www/opencart3038/catalog/controller/extension/module/helloworld.php on line 100
2023-04-19 7:50:51 - PHP Notice:  Trying to access array offset on value of type null in /var/www/opencart3038/catalog/controller/extension/module/helloworld.php on line 101
2023-04-19 7:50:51 - PHP Notice:  Undefined offset: 3 in /var/www/opencart3038/catalog/controller/extension/module/helloworld.php on line 95
2023-04-19 7:50:51 - PHP Notice:  Trying to access array offset on value of type null in /var/www/opencart3038/catalog/controller/extension/module/helloworld.php on line 96
2023-04-19 7:50:51 - PHP Notice:  Trying to access array offset on value of type null in /var/www/opencart3038/catalog/controller/extension/module/helloworld.php on line 99
2023-04-19 7:50:51 - PHP Notice:  Trying to access array offset on value of type null in /var/www/opencart3038/catalog/controller/extension/module/helloworld.php on line 100
2023-04-19 7:50:51 - PHP Notice:  Trying to access array offset on value of type null in /var/www/opencart3038/catalog/controller/extension/module/helloworld.php on line 101
2023-04-19 7:50:51 - PHP Notice:  Undefined offset: 0 in /var/www/opencart3038/catalog/controller/extension/module/helloworld.php on line 95
2023-04-19 7:50:51 - PHP Notice:  Trying to access array offset on value of type null in /var/www/opencart3038/catalog/controller/extension/module/helloworld.php on line 96
2023-04-19 7:50:51 - PHP Notice:  Trying to access array offset on value of type null in /var/www/opencart3038/catalog/controller/extension/module/helloworld.php on line 99
2023-04-19 7:50:51 - PHP Notice:  Trying to access array offset on value of type null in /var/www/opencart3038/catalog/controller/extension/module/helloworld.php on line 100
2023-04-19 7:50:51 - PHP Notice:  Trying to access array offset on value of type null in /var/www/opencart3038/catalog/controller/extension/module/helloworld.php on line 101
2023-04-19 7:50:51 - PHP Notice:  Undefined offset: 1 in /var/www/opencart3038/catalog/controller/extension/module/helloworld.php on line 95
2023-04-19 7:50:51 - PHP Notice:  Trying to access array offset on value of type null in /var/www/opencart3038/catalog/controller/extension/module/helloworld.php on line 96
2023-04-19 7:50:51 - PHP Notice:  Trying to access array offset on value of type null in /var/www/opencart3038/catalog/controller/extension/module/helloworld.php on line 99
2023-04-19 7:50:51 - PHP Notice:  Trying to access array offset on value of type null in /var/www/opencart3038/catalog/controller/extension/module/helloworld.php on line 100
2023-04-19 7:50:51 - PHP Notice:  Trying to access array offset on value of type null in /var/www/opencart3038/catalog/controller/extension/module/helloworld.php on line 101
2023-04-19 7:50:51 - PHP Notice:  Undefined offset: 3 in /var/www/opencart3038/catalog/controller/extension/module/helloworld.php on line 95
2023-04-19 7:50:51 - PHP Notice:  Trying to access array offset on value of type null in /var/www/opencart3038/catalog/controller/extension/module/helloworld.php on line 96
2023-04-19 7:50:51 - PHP Notice:  Trying to access array offset on value of type null in /var/www/opencart3038/catalog/controller/extension/module/helloworld.php on line 99
2023-04-19 7:50:51 - PHP Notice:  Trying to access array offset on value of type null in /var/www/opencart3038/catalog/controller/extension/module/helloworld.php on line 100
2023-04-19 7:50:51 - PHP Notice:  Trying to access array offset on value of type null in /var/www/opencart3038/catalog/controller/extension/module/helloworld.php on line 101
2023-04-19 7:50:51 - PHP Notice:  Undefined offset: 1 in /var/www/opencart3038/catalog/controller/extension/module/helloworld.php on line 95
2023-04-19 7:50:51 - PHP Notice:  Trying to access array offset on value of type null in /var/www/opencart3038/catalog/controller/extension/module/helloworld.php on line 96
2023-04-19 7:50:51 - PHP Notice:  Trying to access array offset on value of type null in /var/www/opencart3038/catalog/controller/extension/module/helloworld.php on line 99
2023-04-19 7:50:51 - PHP Notice:  Trying to access array offset on value of type null in /var/www/opencart3038/catalog/controller/extension/module/helloworld.php on line 100
2023-04-19 7:50:51 - PHP Notice:  Trying to access array offset on value of type null in /var/www/opencart3038/catalog/controller/extension/module/helloworld.php on line 101
2023-04-19 7:50:51 - PHP Notice:  Undefined offset: 2 in /var/www/opencart3038/catalog/controller/extension/module/helloworld.php on line 95
2023-04-19 7:50:51 - PHP Notice:  Trying to access array offset on value of type null in /var/www/opencart3038/catalog/controller/extension/module/helloworld.php on line 96
2023-04-19 7:50:51 - PHP Notice:  Trying to access array offset on value of type null in /var/www/opencart3038/catalog/controller/extension/module/helloworld.php on line 99
2023-04-19 7:50:51 - PHP Notice:  Trying to access array offset on value of type null in /var/www/opencart3038/catalog/controller/extension/module/helloworld.php on line 100
2023-04-19 7:50:51 - PHP Notice:  Trying to access array offset on value of type null in /var/www/opencart3038/catalog/controller/extension/module/helloworld.php on line 101
2023-04-19 7:50:51 - PHP Notice:  Undefined offset: 3 in /var/www/opencart3038/catalog/controller/extension/module/helloworld.php on line 95
2023-04-19 7:50:51 - PHP Notice:  Trying to access array offset on value of type null in /var/www/opencart3038/catalog/controller/extension/module/helloworld.php on line 96
2023-04-19 7:50:51 - PHP Notice:  Trying to access array offset on value of type null in /var/www/opencart3038/catalog/controller/extension/module/helloworld.php on line 99
2023-04-19 7:50:51 - PHP Notice:  Trying to access array offset on value of type null in /var/www/opencart3038/catalog/controller/extension/module/helloworld.php on line 100
2023-04-19 7:50:51 - PHP Notice:  Trying to access array offset on value of type null in /var/www/opencart3038/catalog/controller/extension/module/helloworld.php on line 101
2023-04-19 7:50:51 - PHP Notice:  Undefined offset: 1 in /var/www/opencart3038/catalog/controller/extension/module/helloworld.php on line 95
2023-04-19 7:50:51 - PHP Notice:  Trying to access array offset on value of type null in /var/www/opencart3038/catalog/controller/extension/module/helloworld.php on line 96
2023-04-19 7:50:51 - PHP Notice:  Trying to access array offset on value of type null in /var/www/opencart3038/catalog/controller/extension/module/helloworld.php on line 99
2023-04-19 7:50:51 - PHP Notice:  Trying to access array offset on value of type null in /var/www/opencart3038/catalog/controller/extension/module/helloworld.php on line 100
2023-04-19 7:50:51 - PHP Notice:  Trying to access array offset on value of type null in /var/www/opencart3038/catalog/controller/extension/module/helloworld.php on line 101
2023-04-19 7:50:51 - PHP Notice:  Undefined offset: 2 in /var/www/opencart3038/catalog/controller/extension/module/helloworld.php on line 95
2023-04-19 7:50:51 - PHP Notice:  Trying to access array offset on value of type null in /var/www/opencart3038/catalog/controller/extension/module/helloworld.php on line 96
2023-04-19 7:50:51 - PHP Notice:  Trying to access array offset on value of type null in /var/www/opencart3038/catalog/controller/extension/module/helloworld.php on line 99
2023-04-19 7:50:51 - PHP Notice:  Trying to access array offset on value of type null in /var/www/opencart3038/catalog/controller/extension/module/helloworld.php on line 100
2023-04-19 7:50:51 - PHP Notice:  Trying to access array offset on value of type null in /var/www/opencart3038/catalog/controller/extension/module/helloworld.php on line 101
2023-04-19 7:50:51 - PHP Notice:  Undefined offset: 3 in /var/www/opencart3038/catalog/controller/extension/module/helloworld.php on line 95
2023-04-19 7:50:51 - PHP Notice:  Trying to access array offset on value of type null in /var/www/opencart3038/catalog/controller/extension/module/helloworld.php on line 96
2023-04-19 7:50:51 - PHP Notice:  Trying to access array offset on value of type null in /var/www/opencart3038/catalog/controller/extension/module/helloworld.php on line 99
2023-04-19 7:50:51 - PHP Notice:  Trying to access array offset on value of type null in /var/www/opencart3038/catalog/controller/extension/module/helloworld.php on line 100
2023-04-19 7:50:51 - PHP Notice:  Trying to access array offset on value of type null in /var/www/opencart3038/catalog/controller/extension/module/helloworld.php on line 101
2023-04-19 7:50:51 - PHP Notice:  Undefined offset: 1 in /var/www/opencart3038/catalog/controller/extension/module/helloworld.php on line 95
2023-04-19 7:50:51 - PHP Notice:  Trying to access array offset on value of type null in /var/www/opencart3038/catalog/controller/extension/module/helloworld.php on line 96
2023-04-19 7:50:51 - PHP Notice:  Trying to access array offset on value of type null in /var/www/opencart3038/catalog/controller/extension/module/helloworld.php on line 99
2023-04-19 7:50:51 - PHP Notice:  Trying to access array offset on value of type null in /var/www/opencart3038/catalog/controller/extension/module/helloworld.php on line 100
2023-04-19 7:50:51 - PHP Notice:  Trying to access array offset on value of type null in /var/www/opencart3038/catalog/controller/extension/module/helloworld.php on line 101
2023-04-19 7:50:51 - PHP Notice:  Undefined offset: 2 in /var/www/opencart3038/catalog/controller/extension/module/helloworld.php on line 95
2023-04-19 7:50:51 - PHP Notice:  Trying to access array offset on value of type null in /var/www/opencart3038/catalog/controller/extension/module/helloworld.php on line 96
2023-04-19 7:50:51 - PHP Notice:  Trying to access array offset on value of type null in /var/www/opencart3038/catalog/controller/extension/module/helloworld.php on line 99
2023-04-19 7:50:51 - PHP Notice:  Trying to access array offset on value of type null in /var/www/opencart3038/catalog/controller/extension/module/helloworld.php on line 100
2023-04-19 7:50:51 - PHP Notice:  Trying to access array offset on value of type null in /var/www/opencart3038/catalog/controller/extension/module/helloworld.php on line 101
2023-04-19 7:50:51 - PHP Notice:  Undefined offset: 3 in /var/www/opencart3038/catalog/controller/extension/module/helloworld.php on line 95
2023-04-19 7:50:51 - PHP Notice:  Trying to access array offset on value of type null in /var/www/opencart3038/catalog/controller/extension/module/helloworld.php on line 96
2023-04-19 7:50:51 - PHP Notice:  Trying to access array offset on value of type null in /var/www/opencart3038/catalog/controller/extension/module/helloworld.php on line 99
2023-04-19 7:50:51 - PHP Notice:  Trying to access array offset on value of type null in /var/www/opencart3038/catalog/controller/extension/module/helloworld.php on line 100
2023-04-19 7:50:51 - PHP Notice:  Trying to access array offset on value of type null in /var/www/opencart3038/catalog/controller/extension/module/helloworld.php on line 101
2023-04-19 7:50:51 - PHP Notice:  Undefined offset: 1 in /var/www/opencart3038/catalog/controller/extension/module/helloworld.php on line 95
2023-04-19 7:50:51 - PHP Notice:  Trying to access array offset on value of type null in /var/www/opencart3038/catalog/controller/extension/module/helloworld.php on line 96
2023-04-19 7:50:51 - PHP Notice:  Trying to access array offset on value of type null in /var/www/opencart3038/catalog/controller/extension/module/helloworld.php on line 99
2023-04-19 7:50:51 - PHP Notice:  Trying to access array offset on value of type null in /var/www/opencart3038/catalog/controller/extension/module/helloworld.php on line 100
2023-04-19 7:50:51 - PHP Notice:  Trying to access array offset on value of type null in /var/www/opencart3038/catalog/controller/extension/module/helloworld.php on line 101
2023-04-19 7:50:51 - PHP Notice:  Undefined offset: 2 in /var/www/opencart3038/catalog/controller/extension/module/helloworld.php on line 95
2023-04-19 7:50:51 - PHP Notice:  Trying to access array offset on value of type null in /var/www/opencart3038/catalog/controller/extension/module/helloworld.php on line 96
2023-04-19 7:50:51 - PHP Notice:  Trying to access array offset on value of type null in /var/www/opencart3038/catalog/controller/extension/module/helloworld.php on line 99
2023-04-19 7:50:51 - PHP Notice:  Trying to access array offset on value of type null in /var/www/opencart3038/catalog/controller/extension/module/helloworld.php on line 100
2023-04-19 7:50:51 - PHP Notice:  Trying to access array offset on value of type null in /var/www/opencart3038/catalog/controller/extension/module/helloworld.php on line 101
2023-04-19 7:50:51 - PHP Notice:  Undefined offset: 3 in /var/www/opencart3038/catalog/controller/extension/module/helloworld.php on line 95
2023-04-19 7:50:51 - PHP Notice:  Trying to access array offset on value of type null in /var/www/opencart3038/catalog/controller/extension/module/helloworld.php on line 96
2023-04-19 7:50:51 - PHP Notice:  Trying to access array offset on value of type null in /var/www/opencart3038/catalog/controller/extension/module/helloworld.php on line 99
2023-04-19 7:50:51 - PHP Notice:  Trying to access array offset on value of type null in /var/www/opencart3038/catalog/controller/extension/module/helloworld.php on line 100
2023-04-19 7:50:51 - PHP Notice:  Trying to access array offset on value of type null in /var/www/opencart3038/catalog/controller/extension/module/helloworld.php on line 101
2023-04-19 7:51:21 - PHP Notice:  Undefined offset: 0 in /var/www/opencart3038/catalog/controller/extension/module/helloworld.php on line 96
2023-04-19 7:51:21 - PHP Notice:  Trying to access array offset on value of type null in /var/www/opencart3038/catalog/controller/extension/module/helloworld.php on line 97
2023-04-19 7:51:21 - PHP Notice:  Trying to access array offset on value of type null in /var/www/opencart3038/catalog/controller/extension/module/helloworld.php on line 100
2023-04-19 7:51:21 - PHP Notice:  Trying to access array offset on value of type null in /var/www/opencart3038/catalog/controller/extension/module/helloworld.php on line 101
2023-04-19 7:51:21 - PHP Notice:  Trying to access array offset on value of type null in /var/www/opencart3038/catalog/controller/extension/module/helloworld.php on line 102
2023-04-19 7:51:21 - PHP Notice:  Undefined offset: 1 in /var/www/opencart3038/catalog/controller/extension/module/helloworld.php on line 96
2023-04-19 7:51:21 - PHP Notice:  Trying to access array offset on value of type null in /var/www/opencart3038/catalog/controller/extension/module/helloworld.php on line 97
2023-04-19 7:51:21 - PHP Notice:  Trying to access array offset on value of type null in /var/www/opencart3038/catalog/controller/extension/module/helloworld.php on line 100
2023-04-19 7:51:21 - PHP Notice:  Trying to access array offset on value of type null in /var/www/opencart3038/catalog/controller/extension/module/helloworld.php on line 101
2023-04-19 7:51:21 - PHP Notice:  Trying to access array offset on value of type null in /var/www/opencart3038/catalog/controller/extension/module/helloworld.php on line 102
2023-04-19 7:51:21 - PHP Notice:  Undefined offset: 4 in /var/www/opencart3038/catalog/controller/extension/module/helloworld.php on line 96
2023-04-19 7:51:21 - PHP Notice:  Trying to access array offset on value of type null in /var/www/opencart3038/catalog/controller/extension/module/helloworld.php on line 97
2023-04-19 7:51:21 - PHP Notice:  Trying to access array offset on value of type null in /var/www/opencart3038/catalog/controller/extension/module/helloworld.php on line 100
2023-04-19 7:51:21 - PHP Notice:  Trying to access array offset on value of type null in /var/www/opencart3038/catalog/controller/extension/module/helloworld.php on line 101
2023-04-19 7:51:21 - PHP Notice:  Trying to access array offset on value of type null in /var/www/opencart3038/catalog/controller/extension/module/helloworld.php on line 102
2023-04-19 7:51:21 - PHP Notice:  Undefined offset: 0 in /var/www/opencart3038/catalog/controller/extension/module/helloworld.php on line 96
2023-04-19 7:51:21 - PHP Notice:  Trying to access array offset on value of type null in /var/www/opencart3038/catalog/controller/extension/module/helloworld.php on line 97
2023-04-19 7:51:21 - PHP Notice:  Trying to access array offset on value of type null in /var/www/opencart3038/catalog/controller/extension/module/helloworld.php on line 100
2023-04-19 7:51:21 - PHP Notice:  Trying to access array offset on value of type null in /var/www/opencart3038/catalog/controller/extension/module/helloworld.php on line 101
2023-04-19 7:51:21 - PHP Notice:  Trying to access array offset on value of type null in /var/www/opencart3038/catalog/controller/extension/module/helloworld.php on line 102
2023-04-19 7:51:21 - PHP Notice:  Undefined offset: 1 in /var/www/opencart3038/catalog/controller/extension/module/helloworld.php on line 96
2023-04-19 7:51:21 - PHP Notice:  Trying to access array offset on value of type null in /var/www/opencart3038/catalog/controller/extension/module/helloworld.php on line 97
2023-04-19 7:51:21 - PHP Notice:  Trying to access array offset on value of type null in /var/www/opencart3038/catalog/controller/extension/module/helloworld.php on line 100
2023-04-19 7:51:21 - PHP Notice:  Trying to access array offset on value of type null in /var/www/opencart3038/catalog/controller/extension/module/helloworld.php on line 101
2023-04-19 7:51:21 - PHP Notice:  Trying to access array offset on value of type null in /var/www/opencart3038/catalog/controller/extension/module/helloworld.php on line 102
2023-04-19 7:51:21 - PHP Notice:  Undefined offset: 4 in /var/www/opencart3038/catalog/controller/extension/module/helloworld.php on line 96
2023-04-19 7:51:21 - PHP Notice:  Trying to access array offset on value of type null in /var/www/opencart3038/catalog/controller/extension/module/helloworld.php on line 97
2023-04-19 7:51:21 - PHP Notice:  Trying to access array offset on value of type null in /var/www/opencart3038/catalog/controller/extension/module/helloworld.php on line 100
2023-04-19 7:51:21 - PHP Notice:  Trying to access array offset on value of type null in /var/www/opencart3038/catalog/controller/extension/module/helloworld.php on line 101
2023-04-19 7:51:21 - PHP Notice:  Trying to access array offset on value of type null in /var/www/opencart3038/catalog/controller/extension/module/helloworld.php on line 102
2023-04-19 7:51:21 - PHP Notice:  Undefined offset: 0 in /var/www/opencart3038/catalog/controller/extension/module/helloworld.php on line 96
2023-04-19 7:51:21 - PHP Notice:  Trying to access array offset on value of type null in /var/www/opencart3038/catalog/controller/extension/module/helloworld.php on line 97
2023-04-19 7:51:21 - PHP Notice:  Trying to access array offset on value of type null in /var/www/opencart3038/catalog/controller/extension/module/helloworld.php on line 100
2023-04-19 7:51:21 - PHP Notice:  Trying to access array offset on value of type null in /var/www/opencart3038/catalog/controller/extension/module/helloworld.php on line 101
2023-04-19 7:51:21 - PHP Notice:  Trying to access array offset on value of type null in /var/www/opencart3038/catalog/controller/extension/module/helloworld.php on line 102
2023-04-19 7:51:21 - PHP Notice:  Undefined offset: 1 in /var/www/opencart3038/catalog/controller/extension/module/helloworld.php on line 96
2023-04-19 7:51:21 - PHP Notice:  Trying to access array offset on value of type null in /var/www/opencart3038/catalog/controller/extension/module/helloworld.php on line 97
2023-04-19 7:51:21 - PHP Notice:  Trying to access array offset on value of type null in /var/www/opencart3038/catalog/controller/extension/module/helloworld.php on line 100
2023-04-19 7:51:21 - PHP Notice:  Trying to access array offset on value of type null in /var/www/opencart3038/catalog/controller/extension/module/helloworld.php on line 101
2023-04-19 7:51:21 - PHP Notice:  Trying to access array offset on value of type null in /var/www/opencart3038/catalog/controller/extension/module/helloworld.php on line 102
2023-04-19 7:51:21 - PHP Notice:  Undefined offset: 4 in /var/www/opencart3038/catalog/controller/extension/module/helloworld.php on line 96
2023-04-19 7:51:21 - PHP Notice:  Trying to access array offset on value of type null in /var/www/opencart3038/catalog/controller/extension/module/helloworld.php on line 97
2023-04-19 7:51:21 - PHP Notice:  Trying to access array offset on value of type null in /var/www/opencart3038/catalog/controller/extension/module/helloworld.php on line 100
2023-04-19 7:51:21 - PHP Notice:  Trying to access array offset on value of type null in /var/www/opencart3038/catalog/controller/extension/module/helloworld.php on line 101
2023-04-19 7:51:21 - PHP Notice:  Trying to access array offset on value of type null in /var/www/opencart3038/catalog/controller/extension/module/helloworld.php on line 102
2023-04-19 7:51:21 - PHP Notice:  Undefined offset: 0 in /var/www/opencart3038/catalog/controller/extension/module/helloworld.php on line 96
2023-04-19 7:51:21 - PHP Notice:  Trying to access array offset on value of type null in /var/www/opencart3038/catalog/controller/extension/module/helloworld.php on line 97
2023-04-19 7:51:21 - PHP Notice:  Trying to access array offset on value of type null in /var/www/opencart3038/catalog/controller/extension/module/helloworld.php on line 100
2023-04-19 7:51:21 - PHP Notice:  Trying to access array offset on value of type null in /var/www/opencart3038/catalog/controller/extension/module/helloworld.php on line 101
2023-04-19 7:51:21 - PHP Notice:  Trying to access array offset on value of type null in /var/www/opencart3038/catalog/controller/extension/module/helloworld.php on line 102
2023-04-19 7:51:21 - PHP Notice:  Undefined offset: 1 in /var/www/opencart3038/catalog/controller/extension/module/helloworld.php on line 96
2023-04-19 7:51:21 - PHP Notice:  Trying to access array offset on value of type null in /var/www/opencart3038/catalog/controller/extension/module/helloworld.php on line 97
2023-04-19 7:51:21 - PHP Notice:  Trying to access array offset on value of type null in /var/www/opencart3038/catalog/controller/extension/module/helloworld.php on line 100
2023-04-19 7:51:21 - PHP Notice:  Trying to access array offset on value of type null in /var/www/opencart3038/catalog/controller/extension/module/helloworld.php on line 101
2023-04-19 7:51:21 - PHP Notice:  Trying to access array offset on value of type null in /var/www/opencart3038/catalog/controller/extension/module/helloworld.php on line 102
2023-04-19 7:51:21 - PHP Notice:  Undefined offset: 4 in /var/www/opencart3038/catalog/controller/extension/module/helloworld.php on line 96
2023-04-19 7:51:21 - PHP Notice:  Trying to access array offset on value of type null in /var/www/opencart3038/catalog/controller/extension/module/helloworld.php on line 97
2023-04-19 7:51:21 - PHP Notice:  Trying to access array offset on value of type null in /var/www/opencart3038/catalog/controller/extension/module/helloworld.php on line 100
2023-04-19 7:51:21 - PHP Notice:  Trying to access array offset on value of type null in /var/www/opencart3038/catalog/controller/extension/module/helloworld.php on line 101
2023-04-19 7:51:21 - PHP Notice:  Trying to access array offset on value of type null in /var/www/opencart3038/catalog/controller/extension/module/helloworld.php on line 102
2023-04-19 7:51:21 - PHP Notice:  Undefined offset: 1 in /var/www/opencart3038/catalog/controller/extension/module/helloworld.php on line 96
2023-04-19 7:51:21 - PHP Notice:  Trying to access array offset on value of type null in /var/www/opencart3038/catalog/controller/extension/module/helloworld.php on line 97
2023-04-19 7:51:21 - PHP Notice:  Trying to access array offset on value of type null in /var/www/opencart3038/catalog/controller/extension/module/helloworld.php on line 100
2023-04-19 7:51:21 - PHP Notice:  Trying to access array offset on value of type null in /var/www/opencart3038/catalog/controller/extension/module/helloworld.php on line 101
2023-04-19 7:51:21 - PHP Notice:  Trying to access array offset on value of type null in /var/www/opencart3038/catalog/controller/extension/module/helloworld.php on line 102
2023-04-19 7:51:21 - PHP Notice:  Undefined offset: 2 in /var/www/opencart3038/catalog/controller/extension/module/helloworld.php on line 96
2023-04-19 7:51:21 - PHP Notice:  Trying to access array offset on value of type null in /var/www/opencart3038/catalog/controller/extension/module/helloworld.php on line 97
2023-04-19 7:51:21 - PHP Notice:  Trying to access array offset on value of type null in /var/www/opencart3038/catalog/controller/extension/module/helloworld.php on line 100
2023-04-19 7:51:21 - PHP Notice:  Trying to access array offset on value of type null in /var/www/opencart3038/catalog/controller/extension/module/helloworld.php on line 101
2023-04-19 7:51:21 - PHP Notice:  Trying to access array offset on value of type null in /var/www/opencart3038/catalog/controller/extension/module/helloworld.php on line 102
2023-04-19 7:51:21 - PHP Notice:  Undefined offset: 4 in /var/www/opencart3038/catalog/controller/extension/module/helloworld.php on line 96
2023-04-19 7:51:21 - PHP Notice:  Trying to access array offset on value of type null in /var/www/opencart3038/catalog/controller/extension/module/helloworld.php on line 97
2023-04-19 7:51:21 - PHP Notice:  Trying to access array offset on value of type null in /var/www/opencart3038/catalog/controller/extension/module/helloworld.php on line 100
2023-04-19 7:51:21 - PHP Notice:  Trying to access array offset on value of type null in /var/www/opencart3038/catalog/controller/extension/module/helloworld.php on line 101
2023-04-19 7:51:21 - PHP Notice:  Trying to access array offset on value of type null in /var/www/opencart3038/catalog/controller/extension/module/helloworld.php on line 102
2023-04-19 7:51:21 - PHP Notice:  Undefined offset: 1 in /var/www/opencart3038/catalog/controller/extension/module/helloworld.php on line 96
2023-04-19 7:51:21 - PHP Notice:  Trying to access array offset on value of type null in /var/www/opencart3038/catalog/controller/extension/module/helloworld.php on line 97
2023-04-19 7:51:21 - PHP Notice:  Trying to access array offset on value of type null in /var/www/opencart3038/catalog/controller/extension/module/helloworld.php on line 100
2023-04-19 7:51:21 - PHP Notice:  Trying to access array offset on value of type null in /var/www/opencart3038/catalog/controller/extension/module/helloworld.php on line 101
2023-04-19 7:51:21 - PHP Notice:  Trying to access array offset on value of type null in /var/www/opencart3038/catalog/controller/extension/module/helloworld.php on line 102
2023-04-19 7:51:21 - PHP Notice:  Undefined offset: 2 in /var/www/opencart3038/catalog/controller/extension/module/helloworld.php on line 96
2023-04-19 7:51:21 - PHP Notice:  Trying to access array offset on value of type null in /var/www/opencart3038/catalog/controller/extension/module/helloworld.php on line 97
2023-04-19 7:51:21 - PHP Notice:  Trying to access array offset on value of type null in /var/www/opencart3038/catalog/controller/extension/module/helloworld.php on line 100
2023-04-19 7:51:21 - PHP Notice:  Trying to access array offset on value of type null in /var/www/opencart3038/catalog/controller/extension/module/helloworld.php on line 101
2023-04-19 7:51:21 - PHP Notice:  Trying to access array offset on value of type null in /var/www/opencart3038/catalog/controller/extension/module/helloworld.php on line 102
2023-04-19 7:51:21 - PHP Notice:  Undefined offset: 4 in /var/www/opencart3038/catalog/controller/extension/module/helloworld.php on line 96
2023-04-19 7:51:21 - PHP Notice:  Trying to access array offset on value of type null in /var/www/opencart3038/catalog/controller/extension/module/helloworld.php on line 97
2023-04-19 7:51:21 - PHP Notice:  Trying to access array offset on value of type null in /var/www/opencart3038/catalog/controller/extension/module/helloworld.php on line 100
2023-04-19 7:51:21 - PHP Notice:  Trying to access array offset on value of type null in /var/www/opencart3038/catalog/controller/extension/module/helloworld.php on line 101
2023-04-19 7:51:21 - PHP Notice:  Trying to access array offset on value of type null in /var/www/opencart3038/catalog/controller/extension/module/helloworld.php on line 102
2023-04-19 7:51:21 - PHP Notice:  Undefined offset: 1 in /var/www/opencart3038/catalog/controller/extension/module/helloworld.php on line 96
2023-04-19 7:51:21 - PHP Notice:  Trying to access array offset on value of type null in /var/www/opencart3038/catalog/controller/extension/module/helloworld.php on line 97
2023-04-19 7:51:21 - PHP Notice:  Trying to access array offset on value of type null in /var/www/opencart3038/catalog/controller/extension/module/helloworld.php on line 100
2023-04-19 7:51:21 - PHP Notice:  Trying to access array offset on value of type null in /var/www/opencart3038/catalog/controller/extension/module/helloworld.php on line 101
2023-04-19 7:51:21 - PHP Notice:  Trying to access array offset on value of type null in /var/www/opencart3038/catalog/controller/extension/module/helloworld.php on line 102
2023-04-19 7:51:21 - PHP Notice:  Undefined offset: 2 in /var/www/opencart3038/catalog/controller/extension/module/helloworld.php on line 96
2023-04-19 7:51:21 - PHP Notice:  Trying to access array offset on value of type null in /var/www/opencart3038/catalog/controller/extension/module/helloworld.php on line 97
2023-04-19 7:51:21 - PHP Notice:  Trying to access array offset on value of type null in /var/www/opencart3038/catalog/controller/extension/module/helloworld.php on line 100
2023-04-19 7:51:21 - PHP Notice:  Trying to access array offset on value of type null in /var/www/opencart3038/catalog/controller/extension/module/helloworld.php on line 101
2023-04-19 7:51:21 - PHP Notice:  Trying to access array offset on value of type null in /var/www/opencart3038/catalog/controller/extension/module/helloworld.php on line 102
2023-04-19 7:51:21 - PHP Notice:  Undefined offset: 4 in /var/www/opencart3038/catalog/controller/extension/module/helloworld.php on line 96
2023-04-19 7:51:21 - PHP Notice:  Trying to access array offset on value of type null in /var/www/opencart3038/catalog/controller/extension/module/helloworld.php on line 97
2023-04-19 7:51:21 - PHP Notice:  Trying to access array offset on value of type null in /var/www/opencart3038/catalog/controller/extension/module/helloworld.php on line 100
2023-04-19 7:51:21 - PHP Notice:  Trying to access array offset on value of type null in /var/www/opencart3038/catalog/controller/extension/module/helloworld.php on line 101
2023-04-19 7:51:21 - PHP Notice:  Trying to access array offset on value of type null in /var/www/opencart3038/catalog/controller/extension/module/helloworld.php on line 102
2023-04-19 7:51:21 - PHP Notice:  Undefined offset: 1 in /var/www/opencart3038/catalog/controller/extension/module/helloworld.php on line 96
2023-04-19 7:51:21 - PHP Notice:  Trying to access array offset on value of type null in /var/www/opencart3038/catalog/controller/extension/module/helloworld.php on line 97
2023-04-19 7:51:21 - PHP Notice:  Trying to access array offset on value of type null in /var/www/opencart3038/catalog/controller/extension/module/helloworld.php on line 100
2023-04-19 7:51:21 - PHP Notice:  Trying to access array offset on value of type null in /var/www/opencart3038/catalog/controller/extension/module/helloworld.php on line 101
2023-04-19 7:51:21 - PHP Notice:  Trying to access array offset on value of type null in /var/www/opencart3038/catalog/controller/extension/module/helloworld.php on line 102
2023-04-19 7:51:21 - PHP Notice:  Undefined offset: 2 in /var/www/opencart3038/catalog/controller/extension/module/helloworld.php on line 96
2023-04-19 7:51:21 - PHP Notice:  Trying to access array offset on value of type null in /var/www/opencart3038/catalog/controller/extension/module/helloworld.php on line 97
2023-04-19 7:51:21 - PHP Notice:  Trying to access array offset on value of type null in /var/www/opencart3038/catalog/controller/extension/module/helloworld.php on line 100
2023-04-19 7:51:21 - PHP Notice:  Trying to access array offset on value of type null in /var/www/opencart3038/catalog/controller/extension/module/helloworld.php on line 101
2023-04-19 7:51:21 - PHP Notice:  Trying to access array offset on value of type null in /var/www/opencart3038/catalog/controller/extension/module/helloworld.php on line 102
2023-04-19 7:51:21 - PHP Notice:  Undefined offset: 4 in /var/www/opencart3038/catalog/controller/extension/module/helloworld.php on line 96
2023-04-19 7:51:21 - PHP Notice:  Trying to access array offset on value of type null in /var/www/opencart3038/catalog/controller/extension/module/helloworld.php on line 97
2023-04-19 7:51:21 - PHP Notice:  Trying to access array offset on value of type null in /var/www/opencart3038/catalog/controller/extension/module/helloworld.php on line 100
2023-04-19 7:51:21 - PHP Notice:  Trying to access array offset on value of type null in /var/www/opencart3038/catalog/controller/extension/module/helloworld.php on line 101
2023-04-19 7:51:21 - PHP Notice:  Trying to access array offset on value of type null in /var/www/opencart3038/catalog/controller/extension/module/helloworld.php on line 102
